  3-b1-1.c
D:\homework\3-b1-1\3-b1-1.c(13,1): error C4700: 使用了未初始化的局部变量“r”
D:\homework\3-b1-1\3-b1-1.c(17,1): error C4700: 使用了未初始化的局部变量“h”
